<?xml version="1.0" encoding="UTF-8"?>
<!-- Generated by org.testng.reporters.JUnitReportReporter -->
<testsuite hostname="LAPTOP-OKJ1VVIP" failures="0" tests="2" name="com.crm.qa.testcases.dealpageTest" time="16.838" errors="0" timestamp="2024-08-21T10:40:46 IST" skipped="0">
  <testcase classname="com.crm.qa.testcases.dealpageTest" name="verifydealpipelinepage" time="8.420"/>
  <testcase classname="com.crm.qa.testcases.dealpageTest" name="verifycreatenewpipelinepage" time="8.418"/>
</testsuite> <!-- com.crm.qa.testcases.dealpageTest -->
