<?xml version="1.0" encoding="UTF-8"?>
<!-- Generated by org.testng.reporters.JUnitReportReporter -->
<testsuite hostname="LAPTOP-OKJ1VVIP" failures="0" tests="2" name="com.crm.qa.testcases.dealpageTest" time="26.038" errors="0" timestamp="2024-08-19T22:46:20 IST" skipped="0">
  <testcase classname="com.crm.qa.testcases.dealpageTest" name="verifycreatenewpipelinepage" time="9.661"/>
  <testcase classname="com.crm.qa.testcases.dealpageTest" name="verifydealpipelinepage" time="16.377"/>
</testsuite> <!-- com.crm.qa.testcases.dealpageTest -->
