<?xml version="1.0" encoding="UTF-8"?>
<!-- Generated by org.testng.reporters.JUnitReportReporter -->
<testsuite hostname="LAPTOP-OKJ1VVIP" failures="0" tests="2" name="com.crm.qa.testcases.companiespageTest" time="15.813" errors="0" timestamp="2024-08-21T10:40:46 IST" skipped="0">
  <testcase classname="com.crm.qa.testcases.companiespageTest" name="company" time="7.403"/>
  <testcase classname="com.crm.qa.testcases.companiespageTest" name="delete" time="8.410"/>
</testsuite> <!-- com.crm.qa.testcases.companiespageTest -->
