<?xml version="1.0" encoding="UTF-8"?>
<!-- Generated by org.testng.reporters.JUnitReportReporter -->
<testsuite hostname="LAPTOP-OKJ1VVIP" failures="0" tests="2" name="com.crm.qa.testcases.companiespageTest" time="19.134" errors="0" timestamp="2024-08-19T22:46:20 IST" skipped="0">
  <testcase classname="com.crm.qa.testcases.companiespageTest" name="delete" time="10.431"/>
  <testcase classname="com.crm.qa.testcases.companiespageTest" name="company" time="8.703"/>
</testsuite> <!-- com.crm.qa.testcases.companiespageTest -->
