<?xml version="1.0" encoding="UTF-8"?>
<!-- Generated by org.testng.reporters.JUnitReportReporter -->
<testsuite hostname="LAPTOP-OKJ1VVIP" failures="0" tests="1" name="com.crm.qa.testcases.HomepageTest" time="7.833" errors="0" timestamp="2024-08-21T10:40:46 IST" skipped="0">
  <testcase classname="com.crm.qa.testcases.HomepageTest" name="verifycompaniespagenavigation" time="7.833"/>
</testsuite> <!-- com.crm.qa.testcases.HomepageTest -->
