<?xml version="1.0" encoding="UTF-8"?>
<!-- Generated by org.testng.reporters.JUnitReportReporter -->
<testsuite hostname="LAPTOP-OKJ1VVIP" failures="0" tests="1" name="com.crm.qa.testcases.LoginpageTest" time="5.226" errors="0" timestamp="2024-08-21T10:40:46 IST" skipped="0">
  <testcase classname="com.crm.qa.testcases.LoginpageTest" name="loginTest" time="5.226"/>
</testsuite> <!-- com.crm.qa.testcases.LoginpageTest -->
