<?xml version="1.0" encoding="UTF-8"?>
<!-- Generated by org.testng.reporters.JUnitReportReporter -->
<testsuite hostname="LAPTOP-OKJ1VVIP" failures="0" tests="2" name="com.crm.qa.testcases.companiespageTest" time="15.317" errors="0" timestamp="2024-08-18T20:05:54 IST" skipped="0">
  <testcase classname="com.crm.qa.testcases.companiespageTest" name="company" time="7.284"/>
  <testcase classname="com.crm.qa.testcases.companiespageTest" name="delete" time="8.033"/>
</testsuite> <!-- com.crm.qa.testcases.companiespageTest -->
