<?xml version="1.0" encoding="UTF-8"?>
<!-- Generated by org.testng.reporters.JUnitReportReporter -->
<testsuite hostname="LAPTOP-OKJ1VVIP" failures="0" tests="2" name="com.crm.qa.testcases.dealpageTest" time="14.292" errors="0" timestamp="2024-08-18T18:14:50 IST" skipped="0">
  <testcase classname="com.crm.qa.testcases.dealpageTest" name="verifydealpipelinepage" time="7.318"/>
  <testcase classname="com.crm.qa.testcases.dealpageTest" name="verifycreatenewpipelinepage" time="6.974"/>
</testsuite> <!-- com.crm.qa.testcases.dealpageTest -->
