<?xml version="1.0" encoding="UTF-8"?>
<!-- Generated by org.testng.reporters.JUnitReportReporter -->
<testsuite hostname="LAPTOP-OKJ1VVIP" failures="0" tests="1" name="com.crm.qa.testcases.CreatenewCompanyTest" time="11.427" errors="0" timestamp="2024-08-19T22:46:20 IST" skipped="0">
  <testcase classname="com.crm.qa.testcases.CreatenewCompanyTest" name="VerifyAddcompanyTest" time="11.427"/>
</testsuite> <!-- com.crm.qa.testcases.CreatenewCompanyTest -->
