<?xml version="1.0" encoding="UTF-8"?>
<!-- Generated by org.testng.reporters.JUnitReportReporter -->
<testsuite hostname="LAPTOP-OKJ1VVIP" failures="0" tests="4" name="com.crm.qa.testcases.ContactspageTest" time="44.866" errors="0" timestamp="2024-08-18T04:42:44 IST" skipped="0">
  <testcase classname="com.crm.qa.testcases.ContactspageTest" name="verifyAddContactLink" time="8.916"/>
  <testcase classname="com.crm.qa.testcases.ContactspageTest" name="verifyAddContactLink" time="11.981"/>
  <testcase classname="com.crm.qa.testcases.ContactspageTest" name="verifyAddContactLink" time="11.417"/>
  <testcase classname="com.crm.qa.testcases.ContactspageTest" name="verifyContactNameTest" time="12.552"/>
</testsuite> <!-- com.crm.qa.testcases.ContactspageTest -->
