<?xml version="1.0" encoding="UTF-8"?>
<!-- Generated by org.testng.reporters.JUnitReportReporter -->
<testsuite hostname="LAPTOP-OKJ1VVIP" failures="0" tests="1" name="com.crm.qa.testcases.HomepageTest" time="9.591" errors="0" timestamp="2024-08-18T04:42:44 IST" skipped="0">
  <testcase classname="com.crm.qa.testcases.HomepageTest" name="verifyContactsPageNavigation" time="9.591"/>
</testsuite> <!-- com.crm.qa.testcases.HomepageTest -->
